{
  "RSpec": {
    "coverage": {
      "/Users/monicacho/Desktop/test/OurProject/config/environment.rb": [
        null,
        1,
        null,
        null,
        1
      ],
      "/Users/monicacho/Desktop/test/OurProject/config/application.rb": [
        1,
        null,
        1,
        null,
        null,
        null,
        1,
        null,
        1,
        1,
        null,
        null,
        null,
        null,
        null,
        null,
        null,
        null,
        null,
        null,
        null,
        null,
        null
      ],
      "/Users/monicacho/Desktop/test/OurProject/config/boot.rb": [
        null,
        1,
        null,
        1
      ],
      "/Users/monicacho/Desktop/test/OurProject/config/environments/test.rb": [
        1,
        null,
        null,
        null,
        null,
        null,
        null,
        1,
        null,
        null,
        null,
        null,
        1,
        null,
        null,
        1,
        1,
        null,
        null,
        1,
        1,
        null,
        null,
        1,
        null,
        null,
        1,
        null,
        null,
        null,
        null,
        1,
        null,
        null,
        1,
        1,
        null,
        null,
        null
      ],
      "/Users/monicacho/Desktop/test/OurProject/config/initializers/backtrace_silencers.rb": [
        null,
        null,
        null,
        null,
        null,
        null,
        null
      ],
      "/Users/monicacho/Desktop/test/OurProject/config/initializers/cookies_serializer.rb": [
        null,
        null,
        1
      ],
      "/Users/monicacho/Desktop/test/OurProject/config/initializers/filter_parameter_logging.rb": [
        null,
        null,
        null,
        1
      ],
      "/Users/monicacho/Desktop/test/OurProject/config/initializers/inflections.rb": [
        null,
        null,
        null,
        null,
        null,
        null,
        null,
        null,
        null,
        null,
        null,
        null,
        null,
        null,
        null,
        null
      ],
      "/Users/monicacho/Desktop/test/OurProject/config/initializers/mime_types.rb": [
        null,
        null,
        null,
        null
      ],
      "/Users/monicacho/Desktop/test/OurProject/config/initializers/session_store.rb": [
        null,
        null,
        1
      ],
      "/Users/monicacho/Desktop/test/OurProject/config/initializers/wrap_parameters.rb": [
        null,
        null,
        null,
        null,
        null,
        null,
        1,
        1,
        null,
        null,
        null,
        null,
        null,
        null
      ],
      "/Users/monicacho/Desktop/test/OurProject/config/routes.rb": [
        1,
        null,
        null,
        null,
        1,
        1,
        1,
        1,
        null,
        1,
        1,
        null,
        1,
        null,
        1,
        null,
        null,
        null,
        null,
        null,
        null,
        1,
        null,
        null,
        null,
        null,
        null,
        null,
        null,
        null,
        null,
        null,
        null,
        null,
        null,
        null,
        null,
        null,
        null,
        null,
        null,
        null,
        null,
        null,
        null,
        null,
        null,
        null,
        null,
        null,
        null,
        null,
        null,
        null,
        null,
        null,
        null,
        null,
        null,
        null,
        null,
        null,
        null,
        null,
        null,
        null,
        null,
        null,
        null,
        null,
        null,
        null
      ],
      "/Users/monicacho/Desktop/test/OurProject/app/helpers/answers_helper.rb": [
        1,
        null
      ],
      "/Users/monicacho/Desktop/test/OurProject/app/helpers/application_helper.rb": [
        1,
        null
      ],
      "/Users/monicacho/Desktop/test/OurProject/app/helpers/categories_helper.rb": [
        1,
        null
      ],
      "/Users/monicacho/Desktop/test/OurProject/app/helpers/questions_helper.rb": [
        1,
        1,
        1,
        null,
        null
      ],
      "/Users/monicacho/Desktop/test/OurProject/app/helpers/sessions_helper.rb": [
        1,
        1,
        54,
        45,
        null,
        null,
        null,
        null,
        null
      ],
      "/Users/monicacho/Desktop/test/OurProject/app/models/question.rb": [
        1,
        1,
        1,
        1,
        1,
        null,
        1,
        null
      ],
      "/Users/monicacho/Desktop/test/OurProject/app/controllers/questions_controller.rb": [
        1,
        1,
        1,
        7,
        null,
        null,
        1,
        5,
        5,
        5,
        null,
        null,
        1,
        1,
        1,
        null,
        null,
        1,
        0,
        0,
        0,
        0,
        null,
        0,
        null,
        null,
        null,
        null,
        null,
        1,
        1,
        1,
        1,
        1,
        1,
        null,
        null,
        null,
        1,
        1,
        1,
        1,
        1,
        null,
        0,
        null,
        null,
        null,
        null
      ],
      "/Users/monicacho/Desktop/test/OurProject/app/controllers/application_controller.rb": [
        1,
        null,
        null,
        1,
        1,
        null,
        1,
        0,
        null,
        null
      ],
      "/Users/monicacho/Desktop/test/OurProject/app/models/user.rb": [
        1,
        null,
        null,
        1,
        1,
        1,
        null,
        1,
        null,
        null
      ],
      "/Users/monicacho/Desktop/test/OurProject/app/models/comment.rb": [
        1,
        1,
        1,
        null
      ],
      "/Users/monicacho/Desktop/test/OurProject/app/models/answer.rb": [
        1,
        1,
        1,
        1,
        null,
        1,
        1,
        1,
        null
      ],
      "/Users/monicacho/Desktop/test/OurProject/app/controllers/categories_controller.rb": [
        1,
        1,
        1,
        null,
        null,
        1,
        0,
        0,
        null,
        null
      ],
      "/Users/monicacho/Desktop/test/OurProject/app/models/category.rb": [
        1,
        1,
        null,
        null
      ],
      "/Users/monicacho/Desktop/test/OurProject/app/controllers/sessions_controller.rb": [
        null,
        1,
        null,
        1,
        0,
        0,
        0,
        0,
        null,
        0,
        0,
        null,
        null,
        null,
        1,
        1,
        1,
        null,
        null,
        null
      ]
    },
    "timestamp": 1403894675
  }
}
