{
  "RSpec": {
    "coverage": {
      "/Users/mickey/Documents/DBC/phase_3/week_1/OurProject/config/environment.rb": [
        null,
        1,
        null,
        null,
        1
      ],
      "/Users/mickey/Documents/DBC/phase_3/week_1/OurProject/config/application.rb": [
        1,
        null,
        1,
        null,
        null,
        null,
        1,
        null,
        1,
        1,
        null,
        null,
        null,
        null,
        null,
        null,
        null,
        null,
        null,
        null,
        null,
        null,
        null
      ],
      "/Users/mickey/Documents/DBC/phase_3/week_1/OurProject/config/boot.rb": [
        null,
        1,
        null,
        1
      ],
      "/Users/mickey/Documents/DBC/phase_3/week_1/OurProject/config/environments/test.rb": [
        1,
        null,
        null,
        null,
        null,
        null,
        null,
        1,
        null,
        null,
        null,
        null,
        1,
        null,
        null,
        1,
        1,
        null,
        null,
        1,
        1,
        null,
        null,
        1,
        null,
        null,
        1,
        null,
        null,
        null,
        null,
        1,
        null,
        null,
        1,
        1,
        null,
        null,
        null
      ],
      "/Users/mickey/Documents/DBC/phase_3/week_1/OurProject/config/initializers/backtrace_silencers.rb": [
        null,
        null,
        null,
        null,
        null,
        null,
        null
      ],
      "/Users/mickey/Documents/DBC/phase_3/week_1/OurProject/config/initializers/cookies_serializer.rb": [
        null,
        null,
        1
      ],
      "/Users/mickey/Documents/DBC/phase_3/week_1/OurProject/config/initializers/devise.rb": [
        null,
        null,
        1,
        null,
        null,
        null,
        null,
        null,
        null,
        null,
        null,
        null,
        1,
        null,
        null,
        null,
        null,
        null,
        null,
        null,
        null,
        1,
        null,
        null,
        null,
        null,
        null,
        null,
        null,
        null,
        null,
        null,
        null,
        null,
        null,
        null,
        null,
        null,
        null,
        null,
        null,
        null,
        null,
        1,
        null,
        null,
        null,
        null,
        1,
        null,
        null,
        null,
        null,
        null,
        null,
        null,
        null,
        null,
        null,
        null,
        null,
        null,
        null,
        null,
        null,
        null,
        null,
        null,
        null,
        null,
        null,
        null,
        null,
        null,
        null,
        null,
        null,
        null,
        null,
        1,
        null,
        null,
        null,
        null,
        null,
        null,
        null,
        null,
        null,
        null,
        null,
        null,
        null,
        null,
        null,
        null,
        1,
        null,
        null,
        null,
        null,
        null,
        null,
        null,
        null,
        null,
        null,
        null,
        null,
        null,
        null,
        null,
        null,
        null,
        null,
        null,
        null,
        null,
        null,
        null,
        null,
        1,
        null,
        null,
        null,
        null,
        null,
        null,
        null,
        null,
        null,
        null,
        null,
        null,
        null,
        null,
        null,
        null,
        null,
        1,
        null,
        null,
        null,
        null,
        null,
        null,
        null,
        null,
        null,
        null,
        null,
        null,
        null,
        null,
        null,
        null,
        null,
        null,
        null,
        null,
        null,
        null,
        null,
        null,
        null,
        null,
        null,
        null,
        null,
        null,
        null,
        null,
        null,
        null,
        null,
        null,
        null,
        null,
        null,
        null,
        null,
        null,
        null,
        null,
        null,
        null,
        null,
        null,
        1,
        null,
        null,
        null,
        null,
        null,
        null,
        null,
        null,
        null,
        null,
        null,
        null,
        null,
        null,
        null,
        null,
        null,
        null,
        null,
        null,
        null,
        null,
        null,
        null,
        null,
        null,
        null,
        null,
        null,
        null,
        null,
        null,
        null,
        null,
        null,
        null,
        null,
        1,
        null,
        null,
        null,
        null,
        null,
        1,
        null,
        null,
        null,
        null,
        null,
        null,
        null,
        null,
        null,
        null,
        null,
        null,
        null,
        null,
        null,
        null,
        null,
        null,
        null,
        null,
        null,
        null,
        null,
        null
      ],
      "/Users/mickey/Documents/DBC/phase_3/week_1/OurProject/config/initializers/filter_parameter_logging.rb": [
        null,
        null,
        null,
        1
      ],
      "/Users/mickey/Documents/DBC/phase_3/week_1/OurProject/config/initializers/inflections.rb": [
        null,
        null,
        null,
        null,
        null,
        null,
        null,
        null,
        null,
        null,
        null,
        null,
        null,
        null,
        null,
        null
      ],
      "/Users/mickey/Documents/DBC/phase_3/week_1/OurProject/config/initializers/mime_types.rb": [
        null,
        null,
        null,
        null
      ],
      "/Users/mickey/Documents/DBC/phase_3/week_1/OurProject/config/initializers/session_store.rb": [
        null,
        null,
        1
      ],
      "/Users/mickey/Documents/DBC/phase_3/week_1/OurProject/config/initializers/wrap_parameters.rb": [
        null,
        null,
        null,
        null,
        null,
        null,
        1,
        1,
        null,
        null,
        null,
        null,
        null,
        null
      ],
      "/Users/mickey/Documents/DBC/phase_3/week_1/OurProject/spec/factories/user.rb": [
        1,
        null,
        1,
        1,
        1,
        1,
        null,
        null
      ],
      "/Users/mickey/Documents/DBC/phase_3/week_1/OurProject/config/routes.rb": [
        1,
        null,
        1,
        1,
        1,
        1,
        1,
        1,
        null,
        1,
        1,
        null,
        1,
        null,
        1,
        null,
        null,
        null,
        null,
        null,
        null,
        1,
        null,
        null,
        null,
        null,
        null,
        null,
        null,
        null,
        null,
        null,
        null,
        null,
        null,
        null,
        null,
        null,
        null,
        null,
        null,
        null,
        null,
        null,
        null,
        null,
        null,
        null,
        null,
        null,
        null,
        null,
        null,
        null,
        null,
        null,
        null,
        null,
        null,
        null,
        null,
        null,
        null,
        null,
        null,
        null,
        null,
        null,
        null,
        null,
        null,
        null
      ],
      "/Users/mickey/Documents/DBC/phase_3/week_1/OurProject/app/models/user.rb": [
        1,
        null,
        null,
        1,
        null,
        null,
        1,
        null,
        1,
        1,
        1,
        null,
        null,
        null,
        1,
        0,
        0,
        null,
        null,
        0,
        0,
        null,
        null,
        null,
        null,
        0,
        null,
        null,
        null
      ],
      "/Users/mickey/Documents/DBC/phase_3/week_1/OurProject/app/helpers/answers_helper.rb": [
        1,
        null
      ],
      "/Users/mickey/Documents/DBC/phase_3/week_1/OurProject/app/helpers/application_helper.rb": [
        1,
        null
      ],
      "/Users/mickey/Documents/DBC/phase_3/week_1/OurProject/app/helpers/categories_helper.rb": [
        1,
        null
      ],
      "/Users/mickey/Documents/DBC/phase_3/week_1/OurProject/app/helpers/questions_helper.rb": [
        1,
        1,
        0,
        null,
        null
      ],
      "/Users/mickey/Documents/DBC/phase_3/week_1/OurProject/app/helpers/searches_helper.rb": [
        1,
        null
      ],
      "/Users/mickey/Documents/DBC/phase_3/week_1/OurProject/app/helpers/sessions_helper.rb": [
        1,
        null,
        null,
        null,
        null,
        null,
        null,
        null,
        null,
        null
      ],
      "/Users/mickey/Documents/DBC/phase_3/week_1/OurProject/app/helpers/users_helper.rb": [
        1,
        null,
        1,
        0,
        0,
        0,
        null,
        null
      ],
      "/Users/mickey/Documents/DBC/phase_3/week_1/OurProject/app/models/question.rb": [
        1,
        1,
        1,
        1,
        1,
        1,
        1,
        null,
        1,
        null
      ],
      "/Users/mickey/Documents/DBC/phase_3/week_1/OurProject/app/controllers/questions_controller.rb": [
        1,
        1,
        1,
        5,
        null,
        null,
        1,
        0,
        0,
        0,
        null,
        null,
        1,
        1,
        1,
        null,
        null,
        1,
        0,
        0,
        0,
        0,
        null,
        0,
        null,
        null,
        null,
        null,
        null,
        1,
        0,
        0,
        0,
        0,
        0,
        null,
        null,
        null,
        1,
        0,
        0,
        0,
        0,
        null,
        0,
        null,
        null,
        null,
        null
      ],
      "/Users/mickey/Documents/DBC/phase_3/week_1/OurProject/app/controllers/application_controller.rb": [
        1,
        null,
        null,
        1,
        1,
        null,
        1,
        0,
        null,
        null
      ],
      "/Users/mickey/Documents/DBC/phase_3/week_1/OurProject/app/controllers/categories_controller.rb": [
        1,
        1,
        1,
        null,
        null,
        1,
        0,
        0,
        null,
        null
      ],
      "/Users/mickey/Documents/DBC/phase_3/week_1/OurProject/app/models/category.rb": [
        1,
        1,
        null,
        null
      ]
    },
    "timestamp": 1404181598
  }
}
